<?xml version="1.0" encoding="UTF-8"?>
<!-- Generated by org.testng.reporters.JUnitXMLReporter -->
<testsuite hostname="DESKTOP-EFM9JGP" ignored="0" name="Default test" tests="3" failures="0" timestamp="2020-06-30T14:08:39 IST" time="5.637" errors="0">
  <testcase name="SoapTest_TS1" time="4.836" classname="soapServices.EmployeeServicesMultipleTest"/>
  <testcase name="SoapTest_TS2" time="0.538" classname="soapServices.EmployeeServicesMultipleTest"/>
  <testcase name="SoapTest_TS3" time="0.189" classname="soapServices.EmployeeServicesMultipleTest"/>
</testsuite> <!-- Default test -->
