<?xml version="1.0" encoding="UTF-8"?>
<!-- Generated by org.testng.reporters.JUnitXMLReporter -->
<testsuite hostname="DESKTOP-EFM9JGP" ignored="0" name="WebServicesRSUJ" tests="9" failures="9" timestamp="2020-07-13T23:10:08 IST" time="3.579" errors="0">
  <testcase name="restTest_TS" time="3.362" classname="restServices.LibraryServicesSingleTest">
    <failure type="java.lang.ExceptionInInitializerError">
      <![CDATA[java.lang.ExceptionInInitializerError
at org.codehaus.groovy.runtime.InvokerHelper.<clinit>(InvokerHelper.java:82)
at groovy.lang.GroovyObjectSupport.getDefaultMetaClass(GroovyObjectSupport.java:61)
at groovy.lang.GroovyObjectSupport.<init>(GroovyObjectSupport.java:34)
at groovy.lang.Binding.<init>(Binding.java:35)
at com.eviware.soapui.support.scripting.groovy.SoapUIGroovyScriptEngine.<init>(SoapUIGroovyScriptEngine.java:45)
at com.eviware.soapui.support.scripting.groovy.GroovyScriptEngineFactory.createScriptEngine(GroovyScriptEngineFactory.java:38)
at com.eviware.soapui.support.scripting.SoapUIScriptEngineRegistry.create(SoapUIScriptEngineRegistry.java:50)
at com.eviware.soapui.impl.wsdl.teststeps.WsdlGroovyScriptTestStep.<init>(WsdlGroovyScriptTestStep.java:85)
at com.eviware.soapui.impl.wsdl.teststeps.registry.GroovyScriptStepFactory.buildTestStep(GroovyScriptStepFactory.java:38)
at com.eviware.soapui.impl.wsdl.testcase.WsdlTestCase.createTestStepFromConfig(WsdlTestCase.java:296)
at com.eviware.soapui.impl.wsdl.testcase.WsdlTestCase.<init>(WsdlTestCase.java:121)
at com.eviware.soapui.impl.wsdl.WsdlTestSuite.buildTestCase(WsdlTestSuite.java:107)
at com.eviware.soapui.impl.wsdl.WsdlTestSuite.<init>(WsdlTestSuite.java:89)
at com.eviware.soapui.impl.wsdl.WsdlProject.buildTestSuite(WsdlProject.java:451)
at com.eviware.soapui.impl.wsdl.WsdlProject.loadProjectFromInputStream(WsdlProject.java:388)
at com.eviware.soapui.impl.wsdl.WsdlProject.loadProject(WsdlProject.java:310)
at com.eviware.soapui.impl.wsdl.WsdlProject.<init>(WsdlProject.java:213)
at com.eviware.soapui.impl.wsdl.WsdlProject.<init>(WsdlProject.java:194)
at com.eviware.soapui.impl.wsdl.WsdlProject.<init>(WsdlProject.java:182)
at restServices.LibraryServicesSingleTest.restTest_TS(LibraryServicesSingleTest.java:21)
at java.util.ArrayList.forEach(Unknown Source)
Caused by: groovy.lang.GroovyRuntimeException: Conflicting module versions. Module [groovy-all is loaded in version 2.4.17 and you are trying to load version 2.4.4
at org.codehaus.groovy.runtime.metaclass.MetaClassRegistryImpl$DefaultModuleListener.onModule(MetaClassRegistryImpl.java:529)
at org.codehaus.groovy.runtime.m12n.ExtensionModuleScanner.scanExtensionModuleFromProperties(ExtensionModuleScanner.java:81)
at org.codehaus.groovy.runtime.m12n.ExtensionModuleScanner.scanExtensionModuleFromMetaInf(ExtensionModuleScanner.java:75)
at org.codehaus.groovy.runtime.m12n.ExtensionModuleScanner.scanClasspathModules(ExtensionModuleScanner.java:57)
at org.codehaus.groovy.runtime.metaclass.MetaClassRegistryImpl.<init>(MetaClassRegistryImpl.java:129)
at org.codehaus.groovy.runtime.metaclass.MetaClassRegistryImpl.<init>(MetaClassRegistryImpl.java:90)
at groovy.lang.GroovySystem.<clinit>(GroovySystem.java:36)
... 47 more
... Removed 26 stack frames]]>
    </failure>
  </testcase> <!-- restTest_TS -->
  <testcase name="SoapTest_TS" time="0.121" classname="soapServices.EmployeeServicesSingleTest">
    <failure type="java.lang.NoClassDefFoundError" message="Could not initialize class org.codehaus.groovy.runtime.InvokerHelper">
      <![CDATA[java.lang.NoClassDefFoundError: Could not initialize class org.codehaus.groovy.runtime.InvokerHelper
at groovy.lang.GroovyObjectSupport.getDefaultMetaClass(GroovyObjectSupport.java:61)
at groovy.lang.GroovyObjectSupport.<init>(GroovyObjectSupport.java:34)
at groovy.lang.Binding.<init>(Binding.java:35)
at com.eviware.soapui.support.scripting.groovy.SoapUIGroovyScriptEngine.<init>(SoapUIGroovyScriptEngine.java:45)
at com.eviware.soapui.support.scripting.groovy.GroovyScriptEngineFactory.createScriptEngine(GroovyScriptEngineFactory.java:38)
at com.eviware.soapui.support.scripting.SoapUIScriptEngineRegistry.create(SoapUIScriptEngineRegistry.java:50)
at com.eviware.soapui.impl.wsdl.teststeps.WsdlGroovyScriptTestStep.<init>(WsdlGroovyScriptTestStep.java:85)
at com.eviware.soapui.impl.wsdl.teststeps.registry.GroovyScriptStepFactory.buildTestStep(GroovyScriptStepFactory.java:38)
at com.eviware.soapui.impl.wsdl.testcase.WsdlTestCase.createTestStepFromConfig(WsdlTestCase.java:296)
at com.eviware.soapui.impl.wsdl.testcase.WsdlTestCase.<init>(WsdlTestCase.java:121)
at com.eviware.soapui.impl.wsdl.WsdlTestSuite.buildTestCase(WsdlTestSuite.java:107)
at com.eviware.soapui.impl.wsdl.WsdlTestSuite.<init>(WsdlTestSuite.java:89)
at com.eviware.soapui.impl.wsdl.WsdlProject.buildTestSuite(WsdlProject.java:451)
at com.eviware.soapui.impl.wsdl.WsdlProject.loadProjectFromInputStream(WsdlProject.java:388)
at com.eviware.soapui.impl.wsdl.WsdlProject.loadProject(WsdlProject.java:310)
at com.eviware.soapui.impl.wsdl.WsdlProject.<init>(WsdlProject.java:213)
at com.eviware.soapui.impl.wsdl.WsdlProject.<init>(WsdlProject.java:194)
at com.eviware.soapui.impl.wsdl.WsdlProject.<init>(WsdlProject.java:182)
at soapServices.EmployeeServicesSingleTest.SoapTest_TS(EmployeeServicesSingleTest.java:24)
at java.util.ArrayList.forEach(Unknown Source)
... Removed 26 stack frames]]>
    </failure>
  </testcase> <!-- SoapTest_TS -->
  <testcase name="SoapTest_TS1" time="0.007" classname="restServices.LibraryServicesMultipleTest">
    <failure type="java.lang.NoClassDefFoundError" message="Could not initialize class org.codehaus.groovy.runtime.InvokerHelper">
      <![CDATA[java.lang.NoClassDefFoundError: Could not initialize class org.codehaus.groovy.runtime.InvokerHelper
at groovy.lang.GroovyObjectSupport.getDefaultMetaClass(GroovyObjectSupport.java:61)
at groovy.lang.GroovyObjectSupport.<init>(GroovyObjectSupport.java:34)
at groovy.lang.Binding.<init>(Binding.java:35)
at com.eviware.soapui.support.scripting.groovy.SoapUIGroovyScriptEngine.<init>(SoapUIGroovyScriptEngine.java:45)
at com.eviware.soapui.support.scripting.groovy.GroovyScriptEngineFactory.createScriptEngine(GroovyScriptEngineFactory.java:38)
at com.eviware.soapui.support.scripting.SoapUIScriptEngineRegistry.create(SoapUIScriptEngineRegistry.java:50)
at com.eviware.soapui.impl.wsdl.teststeps.WsdlGroovyScriptTestStep.<init>(WsdlGroovyScriptTestStep.java:85)
at com.eviware.soapui.impl.wsdl.teststeps.registry.GroovyScriptStepFactory.buildTestStep(GroovyScriptStepFactory.java:38)
at com.eviware.soapui.impl.wsdl.testcase.WsdlTestCase.createTestStepFromConfig(WsdlTestCase.java:296)
at com.eviware.soapui.impl.wsdl.testcase.WsdlTestCase.<init>(WsdlTestCase.java:121)
at com.eviware.soapui.impl.wsdl.WsdlTestSuite.buildTestCase(WsdlTestSuite.java:107)
at com.eviware.soapui.impl.wsdl.WsdlTestSuite.<init>(WsdlTestSuite.java:89)
at com.eviware.soapui.impl.wsdl.WsdlProject.buildTestSuite(WsdlProject.java:451)
at com.eviware.soapui.impl.wsdl.WsdlProject.loadProjectFromInputStream(WsdlProject.java:388)
at com.eviware.soapui.impl.wsdl.WsdlProject.loadProject(WsdlProject.java:310)
at com.eviware.soapui.impl.wsdl.WsdlProject.<init>(WsdlProject.java:213)
at com.eviware.soapui.impl.wsdl.WsdlProject.<init>(WsdlProject.java:194)
at com.eviware.soapui.impl.wsdl.WsdlProject.<init>(WsdlProject.java:182)
at restServices.LibraryServicesMultipleTest.SoapTest_TS1(LibraryServicesMultipleTest.java:21)
at java.util.ArrayList.forEach(Unknown Source)
... Removed 26 stack frames]]>
    </failure>
  </testcase> <!-- SoapTest_TS1 -->
  <testcase name="restTest_TS2" time="0.006" classname="restServices.LibraryServicesMultipleTest">
    <failure type="java.lang.NoClassDefFoundError" message="Could not initialize class org.codehaus.groovy.runtime.InvokerHelper">
      <![CDATA[java.lang.NoClassDefFoundError: Could not initialize class org.codehaus.groovy.runtime.InvokerHelper
at groovy.lang.GroovyObjectSupport.getDefaultMetaClass(GroovyObjectSupport.java:61)
at groovy.lang.GroovyObjectSupport.<init>(GroovyObjectSupport.java:34)
at groovy.lang.Binding.<init>(Binding.java:35)
at com.eviware.soapui.support.scripting.groovy.SoapUIGroovyScriptEngine.<init>(SoapUIGroovyScriptEngine.java:45)
at com.eviware.soapui.support.scripting.groovy.GroovyScriptEngineFactory.createScriptEngine(GroovyScriptEngineFactory.java:38)
at com.eviware.soapui.support.scripting.SoapUIScriptEngineRegistry.create(SoapUIScriptEngineRegistry.java:50)
at com.eviware.soapui.impl.wsdl.teststeps.WsdlGroovyScriptTestStep.<init>(WsdlGroovyScriptTestStep.java:85)
at com.eviware.soapui.impl.wsdl.teststeps.registry.GroovyScriptStepFactory.buildTestStep(GroovyScriptStepFactory.java:38)
at com.eviware.soapui.impl.wsdl.testcase.WsdlTestCase.createTestStepFromConfig(WsdlTestCase.java:296)
at com.eviware.soapui.impl.wsdl.testcase.WsdlTestCase.<init>(WsdlTestCase.java:121)
at com.eviware.soapui.impl.wsdl.WsdlTestSuite.buildTestCase(WsdlTestSuite.java:107)
at com.eviware.soapui.impl.wsdl.WsdlTestSuite.<init>(WsdlTestSuite.java:89)
at com.eviware.soapui.impl.wsdl.WsdlProject.buildTestSuite(WsdlProject.java:451)
at com.eviware.soapui.impl.wsdl.WsdlProject.loadProjectFromInputStream(WsdlProject.java:388)
at com.eviware.soapui.impl.wsdl.WsdlProject.loadProject(WsdlProject.java:310)
at com.eviware.soapui.impl.wsdl.WsdlProject.<init>(WsdlProject.java:213)
at com.eviware.soapui.impl.wsdl.WsdlProject.<init>(WsdlProject.java:194)
at com.eviware.soapui.impl.wsdl.WsdlProject.<init>(WsdlProject.java:182)
at restServices.LibraryServicesMultipleTest.restTest_TS2(LibraryServicesMultipleTest.java:34)
at java.util.ArrayList.forEach(Unknown Source)
... Removed 26 stack frames]]>
    </failure>
  </testcase> <!-- restTest_TS2 -->
  <testcase name="restTest_TS3" time="0.007" classname="restServices.LibraryServicesMultipleTest">
    <failure type="java.lang.NoClassDefFoundError" message="Could not initialize class org.codehaus.groovy.runtime.InvokerHelper">
      <![CDATA[java.lang.NoClassDefFoundError: Could not initialize class org.codehaus.groovy.runtime.InvokerHelper
at groovy.lang.GroovyObjectSupport.getDefaultMetaClass(GroovyObjectSupport.java:61)
at groovy.lang.GroovyObjectSupport.<init>(GroovyObjectSupport.java:34)
at groovy.lang.Binding.<init>(Binding.java:35)
at com.eviware.soapui.support.scripting.groovy.SoapUIGroovyScriptEngine.<init>(SoapUIGroovyScriptEngine.java:45)
at com.eviware.soapui.support.scripting.groovy.GroovyScriptEngineFactory.createScriptEngine(GroovyScriptEngineFactory.java:38)
at com.eviware.soapui.support.scripting.SoapUIScriptEngineRegistry.create(SoapUIScriptEngineRegistry.java:50)
at com.eviware.soapui.impl.wsdl.teststeps.WsdlGroovyScriptTestStep.<init>(WsdlGroovyScriptTestStep.java:85)
at com.eviware.soapui.impl.wsdl.teststeps.registry.GroovyScriptStepFactory.buildTestStep(GroovyScriptStepFactory.java:38)
at com.eviware.soapui.impl.wsdl.testcase.WsdlTestCase.createTestStepFromConfig(WsdlTestCase.java:296)
at com.eviware.soapui.impl.wsdl.testcase.WsdlTestCase.<init>(WsdlTestCase.java:121)
at com.eviware.soapui.impl.wsdl.WsdlTestSuite.buildTestCase(WsdlTestSuite.java:107)
at com.eviware.soapui.impl.wsdl.WsdlTestSuite.<init>(WsdlTestSuite.java:89)
at com.eviware.soapui.impl.wsdl.WsdlProject.buildTestSuite(WsdlProject.java:451)
at com.eviware.soapui.impl.wsdl.WsdlProject.loadProjectFromInputStream(WsdlProject.java:388)
at com.eviware.soapui.impl.wsdl.WsdlProject.loadProject(WsdlProject.java:310)
at com.eviware.soapui.impl.wsdl.WsdlProject.<init>(WsdlProject.java:213)
at com.eviware.soapui.impl.wsdl.WsdlProject.<init>(WsdlProject.java:194)
at com.eviware.soapui.impl.wsdl.WsdlProject.<init>(WsdlProject.java:182)
at restServices.LibraryServicesMultipleTest.restTest_TS3(LibraryServicesMultipleTest.java:47)
at java.util.ArrayList.forEach(Unknown Source)
... Removed 26 stack frames]]>
    </failure>
  </testcase> <!-- restTest_TS3 -->
  <testcase name="restTest_tS4" time="0.006" classname="restServices.LibraryServicesMultipleTest">
    <failure type="java.lang.NoClassDefFoundError" message="Could not initialize class org.codehaus.groovy.runtime.InvokerHelper">
      <![CDATA[java.lang.NoClassDefFoundError: Could not initialize class org.codehaus.groovy.runtime.InvokerHelper
at groovy.lang.GroovyObjectSupport.getDefaultMetaClass(GroovyObjectSupport.java:61)
at groovy.lang.GroovyObjectSupport.<init>(GroovyObjectSupport.java:34)
at groovy.lang.Binding.<init>(Binding.java:35)
at com.eviware.soapui.support.scripting.groovy.SoapUIGroovyScriptEngine.<init>(SoapUIGroovyScriptEngine.java:45)
at com.eviware.soapui.support.scripting.groovy.GroovyScriptEngineFactory.createScriptEngine(GroovyScriptEngineFactory.java:38)
at com.eviware.soapui.support.scripting.SoapUIScriptEngineRegistry.create(SoapUIScriptEngineRegistry.java:50)
at com.eviware.soapui.impl.wsdl.teststeps.WsdlGroovyScriptTestStep.<init>(WsdlGroovyScriptTestStep.java:85)
at com.eviware.soapui.impl.wsdl.teststeps.registry.GroovyScriptStepFactory.buildTestStep(GroovyScriptStepFactory.java:38)
at com.eviware.soapui.impl.wsdl.testcase.WsdlTestCase.createTestStepFromConfig(WsdlTestCase.java:296)
at com.eviware.soapui.impl.wsdl.testcase.WsdlTestCase.<init>(WsdlTestCase.java:121)
at com.eviware.soapui.impl.wsdl.WsdlTestSuite.buildTestCase(WsdlTestSuite.java:107)
at com.eviware.soapui.impl.wsdl.WsdlTestSuite.<init>(WsdlTestSuite.java:89)
at com.eviware.soapui.impl.wsdl.WsdlProject.buildTestSuite(WsdlProject.java:451)
at com.eviware.soapui.impl.wsdl.WsdlProject.loadProjectFromInputStream(WsdlProject.java:388)
at com.eviware.soapui.impl.wsdl.WsdlProject.loadProject(WsdlProject.java:310)
at com.eviware.soapui.impl.wsdl.WsdlProject.<init>(WsdlProject.java:213)
at com.eviware.soapui.impl.wsdl.WsdlProject.<init>(WsdlProject.java:194)
at com.eviware.soapui.impl.wsdl.WsdlProject.<init>(WsdlProject.java:182)
at restServices.LibraryServicesMultipleTest.restTest_tS4(LibraryServicesMultipleTest.java:60)
at java.util.ArrayList.forEach(Unknown Source)
... Removed 26 stack frames]]>
    </failure>
  </testcase> <!-- restTest_tS4 -->
  <testcase name="SoapTest_TS1" time="0.007" classname="soapServices.EmployeeServicesMultipleTest">
    <failure type="java.lang.NoClassDefFoundError" message="Could not initialize class org.codehaus.groovy.runtime.InvokerHelper">
      <![CDATA[java.lang.NoClassDefFoundError: Could not initialize class org.codehaus.groovy.runtime.InvokerHelper
at groovy.lang.GroovyObjectSupport.getDefaultMetaClass(GroovyObjectSupport.java:61)
at groovy.lang.GroovyObjectSupport.<init>(GroovyObjectSupport.java:34)
at groovy.lang.Binding.<init>(Binding.java:35)
at com.eviware.soapui.support.scripting.groovy.SoapUIGroovyScriptEngine.<init>(SoapUIGroovyScriptEngine.java:45)
at com.eviware.soapui.support.scripting.groovy.GroovyScriptEngineFactory.createScriptEngine(GroovyScriptEngineFactory.java:38)
at com.eviware.soapui.support.scripting.SoapUIScriptEngineRegistry.create(SoapUIScriptEngineRegistry.java:50)
at com.eviware.soapui.impl.wsdl.teststeps.WsdlGroovyScriptTestStep.<init>(WsdlGroovyScriptTestStep.java:85)
at com.eviware.soapui.impl.wsdl.teststeps.registry.GroovyScriptStepFactory.buildTestStep(GroovyScriptStepFactory.java:38)
at com.eviware.soapui.impl.wsdl.testcase.WsdlTestCase.createTestStepFromConfig(WsdlTestCase.java:296)
at com.eviware.soapui.impl.wsdl.testcase.WsdlTestCase.<init>(WsdlTestCase.java:121)
at com.eviware.soapui.impl.wsdl.WsdlTestSuite.buildTestCase(WsdlTestSuite.java:107)
at com.eviware.soapui.impl.wsdl.WsdlTestSuite.<init>(WsdlTestSuite.java:89)
at com.eviware.soapui.impl.wsdl.WsdlProject.buildTestSuite(WsdlProject.java:451)
at com.eviware.soapui.impl.wsdl.WsdlProject.loadProjectFromInputStream(WsdlProject.java:388)
at com.eviware.soapui.impl.wsdl.WsdlProject.loadProject(WsdlProject.java:310)
at com.eviware.soapui.impl.wsdl.WsdlProject.<init>(WsdlProject.java:213)
at com.eviware.soapui.impl.wsdl.WsdlProject.<init>(WsdlProject.java:194)
at com.eviware.soapui.impl.wsdl.WsdlProject.<init>(WsdlProject.java:182)
at soapServices.EmployeeServicesMultipleTest.SoapTest_TS1(EmployeeServicesMultipleTest.java:22)
at java.util.ArrayList.forEach(Unknown Source)
... Removed 26 stack frames]]>
    </failure>
  </testcase> <!-- SoapTest_TS1 -->
  <testcase name="SoapTest_TS2" time="0.006" classname="soapServices.EmployeeServicesMultipleTest">
    <failure type="java.lang.NoClassDefFoundError" message="Could not initialize class org.codehaus.groovy.runtime.InvokerHelper">
      <![CDATA[java.lang.NoClassDefFoundError: Could not initialize class org.codehaus.groovy.runtime.InvokerHelper
at groovy.lang.GroovyObjectSupport.getDefaultMetaClass(GroovyObjectSupport.java:61)
at groovy.lang.GroovyObjectSupport.<init>(GroovyObjectSupport.java:34)
at groovy.lang.Binding.<init>(Binding.java:35)
at com.eviware.soapui.support.scripting.groovy.SoapUIGroovyScriptEngine.<init>(SoapUIGroovyScriptEngine.java:45)
at com.eviware.soapui.support.scripting.groovy.GroovyScriptEngineFactory.createScriptEngine(GroovyScriptEngineFactory.java:38)
at com.eviware.soapui.support.scripting.SoapUIScriptEngineRegistry.create(SoapUIScriptEngineRegistry.java:50)
at com.eviware.soapui.impl.wsdl.teststeps.WsdlGroovyScriptTestStep.<init>(WsdlGroovyScriptTestStep.java:85)
at com.eviware.soapui.impl.wsdl.teststeps.registry.GroovyScriptStepFactory.buildTestStep(GroovyScriptStepFactory.java:38)
at com.eviware.soapui.impl.wsdl.testcase.WsdlTestCase.createTestStepFromConfig(WsdlTestCase.java:296)
at com.eviware.soapui.impl.wsdl.testcase.WsdlTestCase.<init>(WsdlTestCase.java:121)
at com.eviware.soapui.impl.wsdl.WsdlTestSuite.buildTestCase(WsdlTestSuite.java:107)
at com.eviware.soapui.impl.wsdl.WsdlTestSuite.<init>(WsdlTestSuite.java:89)
at com.eviware.soapui.impl.wsdl.WsdlProject.buildTestSuite(WsdlProject.java:451)
at com.eviware.soapui.impl.wsdl.WsdlProject.loadProjectFromInputStream(WsdlProject.java:388)
at com.eviware.soapui.impl.wsdl.WsdlProject.loadProject(WsdlProject.java:310)
at com.eviware.soapui.impl.wsdl.WsdlProject.<init>(WsdlProject.java:213)
at com.eviware.soapui.impl.wsdl.WsdlProject.<init>(WsdlProject.java:194)
at com.eviware.soapui.impl.wsdl.WsdlProject.<init>(WsdlProject.java:182)
at soapServices.EmployeeServicesMultipleTest.SoapTest_TS2(EmployeeServicesMultipleTest.java:43)
at java.util.ArrayList.forEach(Unknown Source)
... Removed 26 stack frames]]>
    </failure>
  </testcase> <!-- SoapTest_TS2 -->
  <testcase name="SoapTest_TS3" time="0.005" classname="soapServices.EmployeeServicesMultipleTest">
    <failure type="java.lang.NoClassDefFoundError" message="Could not initialize class org.codehaus.groovy.runtime.InvokerHelper">
      <![CDATA[java.lang.NoClassDefFoundError: Could not initialize class org.codehaus.groovy.runtime.InvokerHelper
at groovy.lang.GroovyObjectSupport.getDefaultMetaClass(GroovyObjectSupport.java:61)
at groovy.lang.GroovyObjectSupport.<init>(GroovyObjectSupport.java:34)
at groovy.lang.Binding.<init>(Binding.java:35)
at com.eviware.soapui.support.scripting.groovy.SoapUIGroovyScriptEngine.<init>(SoapUIGroovyScriptEngine.java:45)
at com.eviware.soapui.support.scripting.groovy.GroovyScriptEngineFactory.createScriptEngine(GroovyScriptEngineFactory.java:38)
at com.eviware.soapui.support.scripting.SoapUIScriptEngineRegistry.create(SoapUIScriptEngineRegistry.java:50)
at com.eviware.soapui.impl.wsdl.teststeps.WsdlGroovyScriptTestStep.<init>(WsdlGroovyScriptTestStep.java:85)
at com.eviware.soapui.impl.wsdl.teststeps.registry.GroovyScriptStepFactory.buildTestStep(GroovyScriptStepFactory.java:38)
at com.eviware.soapui.impl.wsdl.testcase.WsdlTestCase.createTestStepFromConfig(WsdlTestCase.java:296)
at com.eviware.soapui.impl.wsdl.testcase.WsdlTestCase.<init>(WsdlTestCase.java:121)
at com.eviware.soapui.impl.wsdl.WsdlTestSuite.buildTestCase(WsdlTestSuite.java:107)
at com.eviware.soapui.impl.wsdl.WsdlTestSuite.<init>(WsdlTestSuite.java:89)
at com.eviware.soapui.impl.wsdl.WsdlProject.buildTestSuite(WsdlProject.java:451)
at com.eviware.soapui.impl.wsdl.WsdlProject.loadProjectFromInputStream(WsdlProject.java:388)
at com.eviware.soapui.impl.wsdl.WsdlProject.loadProject(WsdlProject.java:310)
at com.eviware.soapui.impl.wsdl.WsdlProject.<init>(WsdlProject.java:213)
at com.eviware.soapui.impl.wsdl.WsdlProject.<init>(WsdlProject.java:194)
at com.eviware.soapui.impl.wsdl.WsdlProject.<init>(WsdlProject.java:182)
at soapServices.EmployeeServicesMultipleTest.SoapTest_TS3(EmployeeServicesMultipleTest.java:64)
at java.util.ArrayList.forEach(Unknown Source)
... Removed 26 stack frames]]>
    </failure>
  </testcase> <!-- SoapTest_TS3 -->
</testsuite> <!-- WebServicesRSUJ -->
