<?xml version="1.0" encoding="UTF-8"?>
<testng-results skipped="0" failed="9" ignored="0" total="9" passed="0">
  <reporter-output>
  </reporter-output>
  <suite name="WebServicesRSUJ" duration-ms="3579" started-at="2020-07-13T23:10:04 IST" finished-at="2020-07-13T23:10:08 IST">
    <groups>
    </groups>
    <test name="WebServicesRSUJ" duration-ms="3579" started-at="2020-07-13T23:10:04 IST" finished-at="2020-07-13T23:10:08 IST">
      <class name="soapServices.EmployeeServicesSingleTest">
        <test-method status="FAIL" signature="SoapTest_TS()[pri:0, instance:soapServices.EmployeeServicesSingleTest@2e3fc542]" name="SoapTest_TS" duration-ms="121" started-at="2020-07-13T23:10:08 IST" finished-at="2020-07-13T23:10:08 IST">
          <exception class="java.lang.NoClassDefFoundError">
            <message>
              <![CDATA[Could not initialize class org.codehaus.groovy.runtime.InvokerHelper]]>
            </message>
            <full-stacktrace>
              <![CDATA[java.lang.NoClassDefFoundError: Could not initialize class org.codehaus.groovy.runtime.InvokerHelper
at groovy.lang.GroovyObjectSupport.getDefaultMetaClass(GroovyObjectSupport.java:61)
at groovy.lang.GroovyObjectSupport.<init>(GroovyObjectSupport.java:34)
at groovy.lang.Binding.<init>(Binding.java:35)
at com.eviware.soapui.support.scripting.groovy.SoapUIGroovyScriptEngine.<init>(SoapUIGroovyScriptEngine.java:45)
at com.eviware.soapui.support.scripting.groovy.GroovyScriptEngineFactory.createScriptEngine(GroovyScriptEngineFactory.java:38)
at com.eviware.soapui.support.scripting.SoapUIScriptEngineRegistry.create(SoapUIScriptEngineRegistry.java:50)
at com.eviware.soapui.impl.wsdl.teststeps.WsdlGroovyScriptTestStep.<init>(WsdlGroovyScriptTestStep.java:85)
at com.eviware.soapui.impl.wsdl.teststeps.registry.GroovyScriptStepFactory.buildTestStep(GroovyScriptStepFactory.java:38)
at com.eviware.soapui.impl.wsdl.testcase.WsdlTestCase.createTestStepFromConfig(WsdlTestCase.java:296)
at com.eviware.soapui.impl.wsdl.testcase.WsdlTestCase.<init>(WsdlTestCase.java:121)
at com.eviware.soapui.impl.wsdl.WsdlTestSuite.buildTestCase(WsdlTestSuite.java:107)
at com.eviware.soapui.impl.wsdl.WsdlTestSuite.<init>(WsdlTestSuite.java:89)
at com.eviware.soapui.impl.wsdl.WsdlProject.buildTestSuite(WsdlProject.java:451)
at com.eviware.soapui.impl.wsdl.WsdlProject.loadProjectFromInputStream(WsdlProject.java:388)
at com.eviware.soapui.impl.wsdl.WsdlProject.loadProject(WsdlProject.java:310)
at com.eviware.soapui.impl.wsdl.WsdlProject.<init>(WsdlProject.java:213)
at com.eviware.soapui.impl.wsdl.WsdlProject.<init>(WsdlProject.java:194)
at com.eviware.soapui.impl.wsdl.WsdlProject.<init>(WsdlProject.java:182)
at soapServices.EmployeeServicesSingleTest.SoapTest_TS(EmployeeServicesSingleTest.java:24)
at sun.reflect.NativeMethodAccessorImpl.invoke0(Native Method)
at sun.reflect.NativeMethodAccessorImpl.invoke(Unknown Source)
at sun.reflect.DelegatingMethodAccessorImpl.invoke(Unknown Source)
at java.lang.reflect.Method.invoke(Unknown Source)
at org.testng.internal.MethodInvocationHelper.invokeMethod(MethodInvocationHelper.java:135)
at org.testng.internal.TestInvoker.invokeMethod(TestInvoker.java:598)
at org.testng.internal.TestInvoker.invokeTestMethod(TestInvoker.java:174)
at org.testng.internal.MethodRunner.runInSequence(MethodRunner.java:46)
at org.testng.internal.TestInvoker$MethodInvocationAgent.invoke(TestInvoker.java:821)
at org.testng.internal.TestInvoker.invokeTestMethods(TestInvoker.java:147)
at org.testng.internal.TestMethodWorker.invokeTestMethods(TestMethodWorker.java:146)
at org.testng.internal.TestMethodWorker.run(TestMethodWorker.java:128)
at java.util.ArrayList.forEach(Unknown Source)
at org.testng.TestRunner.privateRun(TestRunner.java:767)
at org.testng.TestRunner.run(TestRunner.java:588)
at org.testng.SuiteRunner.runTest(SuiteRunner.java:384)
at org.testng.SuiteRunner.runSequentially(SuiteRunner.java:378)
at org.testng.SuiteRunner.privateRun(SuiteRunner.java:337)
at org.testng.SuiteRunner.run(SuiteRunner.java:286)
at org.testng.SuiteRunnerWorker.runSuite(SuiteRunnerWorker.java:53)
at org.testng.SuiteRunnerWorker.run(SuiteRunnerWorker.java:96)
at org.testng.TestNG.runSuitesSequentially(TestNG.java:1214)
at org.testng.TestNG.runSuitesLocally(TestNG.java:1136)
at org.testng.TestNG.runSuites(TestNG.java:1066)
at org.testng.TestNG.run(TestNG.java:1034)
at org.testng.TestNG.privateMain(TestNG.java:1363)
at org.testng.TestNG.main(TestNG.java:1331)
]]>
            </full-stacktrace>
          </exception> <!-- java.lang.NoClassDefFoundError -->
          <reporter-output>
          </reporter-output>
        </test-method> <!-- SoapTest_TS -->
      </class> <!-- soapServices.EmployeeServicesSingleTest -->
      <class name="soapServices.EmployeeServicesMultipleTest">
        <test-method status="FAIL" signature="SoapTest_TS1()[pri:0, instance:soapServices.EmployeeServicesMultipleTest@4524411f]" name="SoapTest_TS1" duration-ms="7" started-at="2020-07-13T23:10:08 IST" finished-at="2020-07-13T23:10:08 IST">
          <exception class="java.lang.NoClassDefFoundError">
            <message>
              <![CDATA[Could not initialize class org.codehaus.groovy.runtime.InvokerHelper]]>
            </message>
            <full-stacktrace>
              <![CDATA[java.lang.NoClassDefFoundError: Could not initialize class org.codehaus.groovy.runtime.InvokerHelper
at groovy.lang.GroovyObjectSupport.getDefaultMetaClass(GroovyObjectSupport.java:61)
at groovy.lang.GroovyObjectSupport.<init>(GroovyObjectSupport.java:34)
at groovy.lang.Binding.<init>(Binding.java:35)
at com.eviware.soapui.support.scripting.groovy.SoapUIGroovyScriptEngine.<init>(SoapUIGroovyScriptEngine.java:45)
at com.eviware.soapui.support.scripting.groovy.GroovyScriptEngineFactory.createScriptEngine(GroovyScriptEngineFactory.java:38)
at com.eviware.soapui.support.scripting.SoapUIScriptEngineRegistry.create(SoapUIScriptEngineRegistry.java:50)
at com.eviware.soapui.impl.wsdl.teststeps.WsdlGroovyScriptTestStep.<init>(WsdlGroovyScriptTestStep.java:85)
at com.eviware.soapui.impl.wsdl.teststeps.registry.GroovyScriptStepFactory.buildTestStep(GroovyScriptStepFactory.java:38)
at com.eviware.soapui.impl.wsdl.testcase.WsdlTestCase.createTestStepFromConfig(WsdlTestCase.java:296)
at com.eviware.soapui.impl.wsdl.testcase.WsdlTestCase.<init>(WsdlTestCase.java:121)
at com.eviware.soapui.impl.wsdl.WsdlTestSuite.buildTestCase(WsdlTestSuite.java:107)
at com.eviware.soapui.impl.wsdl.WsdlTestSuite.<init>(WsdlTestSuite.java:89)
at com.eviware.soapui.impl.wsdl.WsdlProject.buildTestSuite(WsdlProject.java:451)
at com.eviware.soapui.impl.wsdl.WsdlProject.loadProjectFromInputStream(WsdlProject.java:388)
at com.eviware.soapui.impl.wsdl.WsdlProject.loadProject(WsdlProject.java:310)
at com.eviware.soapui.impl.wsdl.WsdlProject.<init>(WsdlProject.java:213)
at com.eviware.soapui.impl.wsdl.WsdlProject.<init>(WsdlProject.java:194)
at com.eviware.soapui.impl.wsdl.WsdlProject.<init>(WsdlProject.java:182)
at soapServices.EmployeeServicesMultipleTest.SoapTest_TS1(EmployeeServicesMultipleTest.java:22)
at sun.reflect.NativeMethodAccessorImpl.invoke0(Native Method)
at sun.reflect.NativeMethodAccessorImpl.invoke(Unknown Source)
at sun.reflect.DelegatingMethodAccessorImpl.invoke(Unknown Source)
at java.lang.reflect.Method.invoke(Unknown Source)
at org.testng.internal.MethodInvocationHelper.invokeMethod(MethodInvocationHelper.java:135)
at org.testng.internal.TestInvoker.invokeMethod(TestInvoker.java:598)
at org.testng.internal.TestInvoker.invokeTestMethod(TestInvoker.java:174)
at org.testng.internal.MethodRunner.runInSequence(MethodRunner.java:46)
at org.testng.internal.TestInvoker$MethodInvocationAgent.invoke(TestInvoker.java:821)
at org.testng.internal.TestInvoker.invokeTestMethods(TestInvoker.java:147)
at org.testng.internal.TestMethodWorker.invokeTestMethods(TestMethodWorker.java:146)
at org.testng.internal.TestMethodWorker.run(TestMethodWorker.java:128)
at java.util.ArrayList.forEach(Unknown Source)
at org.testng.TestRunner.privateRun(TestRunner.java:767)
at org.testng.TestRunner.run(TestRunner.java:588)
at org.testng.SuiteRunner.runTest(SuiteRunner.java:384)
at org.testng.SuiteRunner.runSequentially(SuiteRunner.java:378)
at org.testng.SuiteRunner.privateRun(SuiteRunner.java:337)
at org.testng.SuiteRunner.run(SuiteRunner.java:286)
at org.testng.SuiteRunnerWorker.runSuite(SuiteRunnerWorker.java:53)
at org.testng.SuiteRunnerWorker.run(SuiteRunnerWorker.java:96)
at org.testng.TestNG.runSuitesSequentially(TestNG.java:1214)
at org.testng.TestNG.runSuitesLocally(TestNG.java:1136)
at org.testng.TestNG.runSuites(TestNG.java:1066)
at org.testng.TestNG.run(TestNG.java:1034)
at org.testng.TestNG.privateMain(TestNG.java:1363)
at org.testng.TestNG.main(TestNG.java:1331)
]]>
            </full-stacktrace>
          </exception> <!-- java.lang.NoClassDefFoundError -->
          <reporter-output>
          </reporter-output>
        </test-method> <!-- SoapTest_TS1 -->
        <test-method status="FAIL" signature="SoapTest_TS2()[pri:0, instance:soapServices.EmployeeServicesMultipleTest@4524411f]" name="SoapTest_TS2" duration-ms="6" started-at="2020-07-13T23:10:08 IST" finished-at="2020-07-13T23:10:08 IST">
          <exception class="java.lang.NoClassDefFoundError">
            <message>
              <![CDATA[Could not initialize class org.codehaus.groovy.runtime.InvokerHelper]]>
            </message>
            <full-stacktrace>
              <![CDATA[java.lang.NoClassDefFoundError: Could not initialize class org.codehaus.groovy.runtime.InvokerHelper
at groovy.lang.GroovyObjectSupport.getDefaultMetaClass(GroovyObjectSupport.java:61)
at groovy.lang.GroovyObjectSupport.<init>(GroovyObjectSupport.java:34)
at groovy.lang.Binding.<init>(Binding.java:35)
at com.eviware.soapui.support.scripting.groovy.SoapUIGroovyScriptEngine.<init>(SoapUIGroovyScriptEngine.java:45)
at com.eviware.soapui.support.scripting.groovy.GroovyScriptEngineFactory.createScriptEngine(GroovyScriptEngineFactory.java:38)
at com.eviware.soapui.support.scripting.SoapUIScriptEngineRegistry.create(SoapUIScriptEngineRegistry.java:50)
at com.eviware.soapui.impl.wsdl.teststeps.WsdlGroovyScriptTestStep.<init>(WsdlGroovyScriptTestStep.java:85)
at com.eviware.soapui.impl.wsdl.teststeps.registry.GroovyScriptStepFactory.buildTestStep(GroovyScriptStepFactory.java:38)
at com.eviware.soapui.impl.wsdl.testcase.WsdlTestCase.createTestStepFromConfig(WsdlTestCase.java:296)
at com.eviware.soapui.impl.wsdl.testcase.WsdlTestCase.<init>(WsdlTestCase.java:121)
at com.eviware.soapui.impl.wsdl.WsdlTestSuite.buildTestCase(WsdlTestSuite.java:107)
at com.eviware.soapui.impl.wsdl.WsdlTestSuite.<init>(WsdlTestSuite.java:89)
at com.eviware.soapui.impl.wsdl.WsdlProject.buildTestSuite(WsdlProject.java:451)
at com.eviware.soapui.impl.wsdl.WsdlProject.loadProjectFromInputStream(WsdlProject.java:388)
at com.eviware.soapui.impl.wsdl.WsdlProject.loadProject(WsdlProject.java:310)
at com.eviware.soapui.impl.wsdl.WsdlProject.<init>(WsdlProject.java:213)
at com.eviware.soapui.impl.wsdl.WsdlProject.<init>(WsdlProject.java:194)
at com.eviware.soapui.impl.wsdl.WsdlProject.<init>(WsdlProject.java:182)
at soapServices.EmployeeServicesMultipleTest.SoapTest_TS2(EmployeeServicesMultipleTest.java:43)
at sun.reflect.NativeMethodAccessorImpl.invoke0(Native Method)
at sun.reflect.NativeMethodAccessorImpl.invoke(Unknown Source)
at sun.reflect.DelegatingMethodAccessorImpl.invoke(Unknown Source)
at java.lang.reflect.Method.invoke(Unknown Source)
at org.testng.internal.MethodInvocationHelper.invokeMethod(MethodInvocationHelper.java:135)
at org.testng.internal.TestInvoker.invokeMethod(TestInvoker.java:598)
at org.testng.internal.TestInvoker.invokeTestMethod(TestInvoker.java:174)
at org.testng.internal.MethodRunner.runInSequence(MethodRunner.java:46)
at org.testng.internal.TestInvoker$MethodInvocationAgent.invoke(TestInvoker.java:821)
at org.testng.internal.TestInvoker.invokeTestMethods(TestInvoker.java:147)
at org.testng.internal.TestMethodWorker.invokeTestMethods(TestMethodWorker.java:146)
at org.testng.internal.TestMethodWorker.run(TestMethodWorker.java:128)
at java.util.ArrayList.forEach(Unknown Source)
at org.testng.TestRunner.privateRun(TestRunner.java:767)
at org.testng.TestRunner.run(TestRunner.java:588)
at org.testng.SuiteRunner.runTest(SuiteRunner.java:384)
at org.testng.SuiteRunner.runSequentially(SuiteRunner.java:378)
at org.testng.SuiteRunner.privateRun(SuiteRunner.java:337)
at org.testng.SuiteRunner.run(SuiteRunner.java:286)
at org.testng.SuiteRunnerWorker.runSuite(SuiteRunnerWorker.java:53)
at org.testng.SuiteRunnerWorker.run(SuiteRunnerWorker.java:96)
at org.testng.TestNG.runSuitesSequentially(TestNG.java:1214)
at org.testng.TestNG.runSuitesLocally(TestNG.java:1136)
at org.testng.TestNG.runSuites(TestNG.java:1066)
at org.testng.TestNG.run(TestNG.java:1034)
at org.testng.TestNG.privateMain(TestNG.java:1363)
at org.testng.TestNG.main(TestNG.java:1331)
]]>
            </full-stacktrace>
          </exception> <!-- java.lang.NoClassDefFoundError -->
          <reporter-output>
          </reporter-output>
        </test-method> <!-- SoapTest_TS2 -->
        <test-method status="FAIL" signature="SoapTest_TS3()[pri:0, instance:soapServices.EmployeeServicesMultipleTest@4524411f]" name="SoapTest_TS3" duration-ms="5" started-at="2020-07-13T23:10:08 IST" finished-at="2020-07-13T23:10:08 IST">
          <exception class="java.lang.NoClassDefFoundError">
            <message>
              <![CDATA[Could not initialize class org.codehaus.groovy.runtime.InvokerHelper]]>
            </message>
            <full-stacktrace>
              <![CDATA[java.lang.NoClassDefFoundError: Could not initialize class org.codehaus.groovy.runtime.InvokerHelper
at groovy.lang.GroovyObjectSupport.getDefaultMetaClass(GroovyObjectSupport.java:61)
at groovy.lang.GroovyObjectSupport.<init>(GroovyObjectSupport.java:34)
at groovy.lang.Binding.<init>(Binding.java:35)
at com.eviware.soapui.support.scripting.groovy.SoapUIGroovyScriptEngine.<init>(SoapUIGroovyScriptEngine.java:45)
at com.eviware.soapui.support.scripting.groovy.GroovyScriptEngineFactory.createScriptEngine(GroovyScriptEngineFactory.java:38)
at com.eviware.soapui.support.scripting.SoapUIScriptEngineRegistry.create(SoapUIScriptEngineRegistry.java:50)
at com.eviware.soapui.impl.wsdl.teststeps.WsdlGroovyScriptTestStep.<init>(WsdlGroovyScriptTestStep.java:85)
at com.eviware.soapui.impl.wsdl.teststeps.registry.GroovyScriptStepFactory.buildTestStep(GroovyScriptStepFactory.java:38)
at com.eviware.soapui.impl.wsdl.testcase.WsdlTestCase.createTestStepFromConfig(WsdlTestCase.java:296)
at com.eviware.soapui.impl.wsdl.testcase.WsdlTestCase.<init>(WsdlTestCase.java:121)
at com.eviware.soapui.impl.wsdl.WsdlTestSuite.buildTestCase(WsdlTestSuite.java:107)
at com.eviware.soapui.impl.wsdl.WsdlTestSuite.<init>(WsdlTestSuite.java:89)
at com.eviware.soapui.impl.wsdl.WsdlProject.buildTestSuite(WsdlProject.java:451)
at com.eviware.soapui.impl.wsdl.WsdlProject.loadProjectFromInputStream(WsdlProject.java:388)
at com.eviware.soapui.impl.wsdl.WsdlProject.loadProject(WsdlProject.java:310)
at com.eviware.soapui.impl.wsdl.WsdlProject.<init>(WsdlProject.java:213)
at com.eviware.soapui.impl.wsdl.WsdlProject.<init>(WsdlProject.java:194)
at com.eviware.soapui.impl.wsdl.WsdlProject.<init>(WsdlProject.java:182)
at soapServices.EmployeeServicesMultipleTest.SoapTest_TS3(EmployeeServicesMultipleTest.java:64)
at sun.reflect.NativeMethodAccessorImpl.invoke0(Native Method)
at sun.reflect.NativeMethodAccessorImpl.invoke(Unknown Source)
at sun.reflect.DelegatingMethodAccessorImpl.invoke(Unknown Source)
at java.lang.reflect.Method.invoke(Unknown Source)
at org.testng.internal.MethodInvocationHelper.invokeMethod(MethodInvocationHelper.java:135)
at org.testng.internal.TestInvoker.invokeMethod(TestInvoker.java:598)
at org.testng.internal.TestInvoker.invokeTestMethod(TestInvoker.java:174)
at org.testng.internal.MethodRunner.runInSequence(MethodRunner.java:46)
at org.testng.internal.TestInvoker$MethodInvocationAgent.invoke(TestInvoker.java:821)
at org.testng.internal.TestInvoker.invokeTestMethods(TestInvoker.java:147)
at org.testng.internal.TestMethodWorker.invokeTestMethods(TestMethodWorker.java:146)
at org.testng.internal.TestMethodWorker.run(TestMethodWorker.java:128)
at java.util.ArrayList.forEach(Unknown Source)
at org.testng.TestRunner.privateRun(TestRunner.java:767)
at org.testng.TestRunner.run(TestRunner.java:588)
at org.testng.SuiteRunner.runTest(SuiteRunner.java:384)
at org.testng.SuiteRunner.runSequentially(SuiteRunner.java:378)
at org.testng.SuiteRunner.privateRun(SuiteRunner.java:337)
at org.testng.SuiteRunner.run(SuiteRunner.java:286)
at org.testng.SuiteRunnerWorker.runSuite(SuiteRunnerWorker.java:53)
at org.testng.SuiteRunnerWorker.run(SuiteRunnerWorker.java:96)
at org.testng.TestNG.runSuitesSequentially(TestNG.java:1214)
at org.testng.TestNG.runSuitesLocally(TestNG.java:1136)
at org.testng.TestNG.runSuites(TestNG.java:1066)
at org.testng.TestNG.run(TestNG.java:1034)
at org.testng.TestNG.privateMain(TestNG.java:1363)
at org.testng.TestNG.main(TestNG.java:1331)
]]>
            </full-stacktrace>
          </exception> <!-- java.lang.NoClassDefFoundError -->
          <reporter-output>
          </reporter-output>
        </test-method> <!-- SoapTest_TS3 -->
      </class> <!-- soapServices.EmployeeServicesMultipleTest -->
      <class name="restServices.LibraryServicesMultipleTest">
        <test-method status="FAIL" signature="SoapTest_TS1()[pri:0, instance:restServices.LibraryServicesMultipleTest@150c158]" name="SoapTest_TS1" duration-ms="7" started-at="2020-07-13T23:10:08 IST" finished-at="2020-07-13T23:10:08 IST">
          <exception class="java.lang.NoClassDefFoundError">
            <message>
              <![CDATA[Could not initialize class org.codehaus.groovy.runtime.InvokerHelper]]>
            </message>
            <full-stacktrace>
              <![CDATA[java.lang.NoClassDefFoundError: Could not initialize class org.codehaus.groovy.runtime.InvokerHelper
at groovy.lang.GroovyObjectSupport.getDefaultMetaClass(GroovyObjectSupport.java:61)
at groovy.lang.GroovyObjectSupport.<init>(GroovyObjectSupport.java:34)
at groovy.lang.Binding.<init>(Binding.java:35)
at com.eviware.soapui.support.scripting.groovy.SoapUIGroovyScriptEngine.<init>(SoapUIGroovyScriptEngine.java:45)
at com.eviware.soapui.support.scripting.groovy.GroovyScriptEngineFactory.createScriptEngine(GroovyScriptEngineFactory.java:38)
at com.eviware.soapui.support.scripting.SoapUIScriptEngineRegistry.create(SoapUIScriptEngineRegistry.java:50)
at com.eviware.soapui.impl.wsdl.teststeps.WsdlGroovyScriptTestStep.<init>(WsdlGroovyScriptTestStep.java:85)
at com.eviware.soapui.impl.wsdl.teststeps.registry.GroovyScriptStepFactory.buildTestStep(GroovyScriptStepFactory.java:38)
at com.eviware.soapui.impl.wsdl.testcase.WsdlTestCase.createTestStepFromConfig(WsdlTestCase.java:296)
at com.eviware.soapui.impl.wsdl.testcase.WsdlTestCase.<init>(WsdlTestCase.java:121)
at com.eviware.soapui.impl.wsdl.WsdlTestSuite.buildTestCase(WsdlTestSuite.java:107)
at com.eviware.soapui.impl.wsdl.WsdlTestSuite.<init>(WsdlTestSuite.java:89)
at com.eviware.soapui.impl.wsdl.WsdlProject.buildTestSuite(WsdlProject.java:451)
at com.eviware.soapui.impl.wsdl.WsdlProject.loadProjectFromInputStream(WsdlProject.java:388)
at com.eviware.soapui.impl.wsdl.WsdlProject.loadProject(WsdlProject.java:310)
at com.eviware.soapui.impl.wsdl.WsdlProject.<init>(WsdlProject.java:213)
at com.eviware.soapui.impl.wsdl.WsdlProject.<init>(WsdlProject.java:194)
at com.eviware.soapui.impl.wsdl.WsdlProject.<init>(WsdlProject.java:182)
at restServices.LibraryServicesMultipleTest.SoapTest_TS1(LibraryServicesMultipleTest.java:21)
at sun.reflect.NativeMethodAccessorImpl.invoke0(Native Method)
at sun.reflect.NativeMethodAccessorImpl.invoke(Unknown Source)
at sun.reflect.DelegatingMethodAccessorImpl.invoke(Unknown Source)
at java.lang.reflect.Method.invoke(Unknown Source)
at org.testng.internal.MethodInvocationHelper.invokeMethod(MethodInvocationHelper.java:135)
at org.testng.internal.TestInvoker.invokeMethod(TestInvoker.java:598)
at org.testng.internal.TestInvoker.invokeTestMethod(TestInvoker.java:174)
at org.testng.internal.MethodRunner.runInSequence(MethodRunner.java:46)
at org.testng.internal.TestInvoker$MethodInvocationAgent.invoke(TestInvoker.java:821)
at org.testng.internal.TestInvoker.invokeTestMethods(TestInvoker.java:147)
at org.testng.internal.TestMethodWorker.invokeTestMethods(TestMethodWorker.java:146)
at org.testng.internal.TestMethodWorker.run(TestMethodWorker.java:128)
at java.util.ArrayList.forEach(Unknown Source)
at org.testng.TestRunner.privateRun(TestRunner.java:767)
at org.testng.TestRunner.run(TestRunner.java:588)
at org.testng.SuiteRunner.runTest(SuiteRunner.java:384)
at org.testng.SuiteRunner.runSequentially(SuiteRunner.java:378)
at org.testng.SuiteRunner.privateRun(SuiteRunner.java:337)
at org.testng.SuiteRunner.run(SuiteRunner.java:286)
at org.testng.SuiteRunnerWorker.runSuite(SuiteRunnerWorker.java:53)
at org.testng.SuiteRunnerWorker.run(SuiteRunnerWorker.java:96)
at org.testng.TestNG.runSuitesSequentially(TestNG.java:1214)
at org.testng.TestNG.runSuitesLocally(TestNG.java:1136)
at org.testng.TestNG.runSuites(TestNG.java:1066)
at org.testng.TestNG.run(TestNG.java:1034)
at org.testng.TestNG.privateMain(TestNG.java:1363)
at org.testng.TestNG.main(TestNG.java:1331)
]]>
            </full-stacktrace>
          </exception> <!-- java.lang.NoClassDefFoundError -->
          <reporter-output>
          </reporter-output>
        </test-method> <!-- SoapTest_TS1 -->
        <test-method status="FAIL" signature="restTest_TS2()[pri:0, instance:restServices.LibraryServicesMultipleTest@150c158]" name="restTest_TS2" duration-ms="6" started-at="2020-07-13T23:10:08 IST" finished-at="2020-07-13T23:10:08 IST">
          <exception class="java.lang.NoClassDefFoundError">
            <message>
              <![CDATA[Could not initialize class org.codehaus.groovy.runtime.InvokerHelper]]>
            </message>
            <full-stacktrace>
              <![CDATA[java.lang.NoClassDefFoundError: Could not initialize class org.codehaus.groovy.runtime.InvokerHelper
at groovy.lang.GroovyObjectSupport.getDefaultMetaClass(GroovyObjectSupport.java:61)
at groovy.lang.GroovyObjectSupport.<init>(GroovyObjectSupport.java:34)
at groovy.lang.Binding.<init>(Binding.java:35)
at com.eviware.soapui.support.scripting.groovy.SoapUIGroovyScriptEngine.<init>(SoapUIGroovyScriptEngine.java:45)
at com.eviware.soapui.support.scripting.groovy.GroovyScriptEngineFactory.createScriptEngine(GroovyScriptEngineFactory.java:38)
at com.eviware.soapui.support.scripting.SoapUIScriptEngineRegistry.create(SoapUIScriptEngineRegistry.java:50)
at com.eviware.soapui.impl.wsdl.teststeps.WsdlGroovyScriptTestStep.<init>(WsdlGroovyScriptTestStep.java:85)
at com.eviware.soapui.impl.wsdl.teststeps.registry.GroovyScriptStepFactory.buildTestStep(GroovyScriptStepFactory.java:38)
at com.eviware.soapui.impl.wsdl.testcase.WsdlTestCase.createTestStepFromConfig(WsdlTestCase.java:296)
at com.eviware.soapui.impl.wsdl.testcase.WsdlTestCase.<init>(WsdlTestCase.java:121)
at com.eviware.soapui.impl.wsdl.WsdlTestSuite.buildTestCase(WsdlTestSuite.java:107)
at com.eviware.soapui.impl.wsdl.WsdlTestSuite.<init>(WsdlTestSuite.java:89)
at com.eviware.soapui.impl.wsdl.WsdlProject.buildTestSuite(WsdlProject.java:451)
at com.eviware.soapui.impl.wsdl.WsdlProject.loadProjectFromInputStream(WsdlProject.java:388)
at com.eviware.soapui.impl.wsdl.WsdlProject.loadProject(WsdlProject.java:310)
at com.eviware.soapui.impl.wsdl.WsdlProject.<init>(WsdlProject.java:213)
at com.eviware.soapui.impl.wsdl.WsdlProject.<init>(WsdlProject.java:194)
at com.eviware.soapui.impl.wsdl.WsdlProject.<init>(WsdlProject.java:182)
at restServices.LibraryServicesMultipleTest.restTest_TS2(LibraryServicesMultipleTest.java:34)
at sun.reflect.NativeMethodAccessorImpl.invoke0(Native Method)
at sun.reflect.NativeMethodAccessorImpl.invoke(Unknown Source)
at sun.reflect.DelegatingMethodAccessorImpl.invoke(Unknown Source)
at java.lang.reflect.Method.invoke(Unknown Source)
at org.testng.internal.MethodInvocationHelper.invokeMethod(MethodInvocationHelper.java:135)
at org.testng.internal.TestInvoker.invokeMethod(TestInvoker.java:598)
at org.testng.internal.TestInvoker.invokeTestMethod(TestInvoker.java:174)
at org.testng.internal.MethodRunner.runInSequence(MethodRunner.java:46)
at org.testng.internal.TestInvoker$MethodInvocationAgent.invoke(TestInvoker.java:821)
at org.testng.internal.TestInvoker.invokeTestMethods(TestInvoker.java:147)
at org.testng.internal.TestMethodWorker.invokeTestMethods(TestMethodWorker.java:146)
at org.testng.internal.TestMethodWorker.run(TestMethodWorker.java:128)
at java.util.ArrayList.forEach(Unknown Source)
at org.testng.TestRunner.privateRun(TestRunner.java:767)
at org.testng.TestRunner.run(TestRunner.java:588)
at org.testng.SuiteRunner.runTest(SuiteRunner.java:384)
at org.testng.SuiteRunner.runSequentially(SuiteRunner.java:378)
at org.testng.SuiteRunner.privateRun(SuiteRunner.java:337)
at org.testng.SuiteRunner.run(SuiteRunner.java:286)
at org.testng.SuiteRunnerWorker.runSuite(SuiteRunnerWorker.java:53)
at org.testng.SuiteRunnerWorker.run(SuiteRunnerWorker.java:96)
at org.testng.TestNG.runSuitesSequentially(TestNG.java:1214)
at org.testng.TestNG.runSuitesLocally(TestNG.java:1136)
at org.testng.TestNG.runSuites(TestNG.java:1066)
at org.testng.TestNG.run(TestNG.java:1034)
at org.testng.TestNG.privateMain(TestNG.java:1363)
at org.testng.TestNG.main(TestNG.java:1331)
]]>
            </full-stacktrace>
          </exception> <!-- java.lang.NoClassDefFoundError -->
          <reporter-output>
          </reporter-output>
        </test-method> <!-- restTest_TS2 -->
        <test-method status="FAIL" signature="restTest_TS3()[pri:0, instance:restServices.LibraryServicesMultipleTest@150c158]" name="restTest_TS3" duration-ms="7" started-at="2020-07-13T23:10:08 IST" finished-at="2020-07-13T23:10:08 IST">
          <exception class="java.lang.NoClassDefFoundError">
            <message>
              <![CDATA[Could not initialize class org.codehaus.groovy.runtime.InvokerHelper]]>
            </message>
            <full-stacktrace>
              <![CDATA[java.lang.NoClassDefFoundError: Could not initialize class org.codehaus.groovy.runtime.InvokerHelper
at groovy.lang.GroovyObjectSupport.getDefaultMetaClass(GroovyObjectSupport.java:61)
at groovy.lang.GroovyObjectSupport.<init>(GroovyObjectSupport.java:34)
at groovy.lang.Binding.<init>(Binding.java:35)
at com.eviware.soapui.support.scripting.groovy.SoapUIGroovyScriptEngine.<init>(SoapUIGroovyScriptEngine.java:45)
at com.eviware.soapui.support.scripting.groovy.GroovyScriptEngineFactory.createScriptEngine(GroovyScriptEngineFactory.java:38)
at com.eviware.soapui.support.scripting.SoapUIScriptEngineRegistry.create(SoapUIScriptEngineRegistry.java:50)
at com.eviware.soapui.impl.wsdl.teststeps.WsdlGroovyScriptTestStep.<init>(WsdlGroovyScriptTestStep.java:85)
at com.eviware.soapui.impl.wsdl.teststeps.registry.GroovyScriptStepFactory.buildTestStep(GroovyScriptStepFactory.java:38)
at com.eviware.soapui.impl.wsdl.testcase.WsdlTestCase.createTestStepFromConfig(WsdlTestCase.java:296)
at com.eviware.soapui.impl.wsdl.testcase.WsdlTestCase.<init>(WsdlTestCase.java:121)
at com.eviware.soapui.impl.wsdl.WsdlTestSuite.buildTestCase(WsdlTestSuite.java:107)
at com.eviware.soapui.impl.wsdl.WsdlTestSuite.<init>(WsdlTestSuite.java:89)
at com.eviware.soapui.impl.wsdl.WsdlProject.buildTestSuite(WsdlProject.java:451)
at com.eviware.soapui.impl.wsdl.WsdlProject.loadProjectFromInputStream(WsdlProject.java:388)
at com.eviware.soapui.impl.wsdl.WsdlProject.loadProject(WsdlProject.java:310)
at com.eviware.soapui.impl.wsdl.WsdlProject.<init>(WsdlProject.java:213)
at com.eviware.soapui.impl.wsdl.WsdlProject.<init>(WsdlProject.java:194)
at com.eviware.soapui.impl.wsdl.WsdlProject.<init>(WsdlProject.java:182)
at restServices.LibraryServicesMultipleTest.restTest_TS3(LibraryServicesMultipleTest.java:47)
at sun.reflect.NativeMethodAccessorImpl.invoke0(Native Method)
at sun.reflect.NativeMethodAccessorImpl.invoke(Unknown Source)
at sun.reflect.DelegatingMethodAccessorImpl.invoke(Unknown Source)
at java.lang.reflect.Method.invoke(Unknown Source)
at org.testng.internal.MethodInvocationHelper.invokeMethod(MethodInvocationHelper.java:135)
at org.testng.internal.TestInvoker.invokeMethod(TestInvoker.java:598)
at org.testng.internal.TestInvoker.invokeTestMethod(TestInvoker.java:174)
at org.testng.internal.MethodRunner.runInSequence(MethodRunner.java:46)
at org.testng.internal.TestInvoker$MethodInvocationAgent.invoke(TestInvoker.java:821)
at org.testng.internal.TestInvoker.invokeTestMethods(TestInvoker.java:147)
at org.testng.internal.TestMethodWorker.invokeTestMethods(TestMethodWorker.java:146)
at org.testng.internal.TestMethodWorker.run(TestMethodWorker.java:128)
at java.util.ArrayList.forEach(Unknown Source)
at org.testng.TestRunner.privateRun(TestRunner.java:767)
at org.testng.TestRunner.run(TestRunner.java:588)
at org.testng.SuiteRunner.runTest(SuiteRunner.java:384)
at org.testng.SuiteRunner.runSequentially(SuiteRunner.java:378)
at org.testng.SuiteRunner.privateRun(SuiteRunner.java:337)
at org.testng.SuiteRunner.run(SuiteRunner.java:286)
at org.testng.SuiteRunnerWorker.runSuite(SuiteRunnerWorker.java:53)
at org.testng.SuiteRunnerWorker.run(SuiteRunnerWorker.java:96)
at org.testng.TestNG.runSuitesSequentially(TestNG.java:1214)
at org.testng.TestNG.runSuitesLocally(TestNG.java:1136)
at org.testng.TestNG.runSuites(TestNG.java:1066)
at org.testng.TestNG.run(TestNG.java:1034)
at org.testng.TestNG.privateMain(TestNG.java:1363)
at org.testng.TestNG.main(TestNG.java:1331)
]]>
            </full-stacktrace>
          </exception> <!-- java.lang.NoClassDefFoundError -->
          <reporter-output>
          </reporter-output>
        </test-method> <!-- restTest_TS3 -->
        <test-method status="FAIL" signature="restTest_tS4()[pri:0, instance:restServices.LibraryServicesMultipleTest@150c158]" name="restTest_tS4" duration-ms="6" started-at="2020-07-13T23:10:08 IST" finished-at="2020-07-13T23:10:08 IST">
          <exception class="java.lang.NoClassDefFoundError">
            <message>
              <![CDATA[Could not initialize class org.codehaus.groovy.runtime.InvokerHelper]]>
            </message>
            <full-stacktrace>
              <![CDATA[java.lang.NoClassDefFoundError: Could not initialize class org.codehaus.groovy.runtime.InvokerHelper
at groovy.lang.GroovyObjectSupport.getDefaultMetaClass(GroovyObjectSupport.java:61)
at groovy.lang.GroovyObjectSupport.<init>(GroovyObjectSupport.java:34)
at groovy.lang.Binding.<init>(Binding.java:35)
at com.eviware.soapui.support.scripting.groovy.SoapUIGroovyScriptEngine.<init>(SoapUIGroovyScriptEngine.java:45)
at com.eviware.soapui.support.scripting.groovy.GroovyScriptEngineFactory.createScriptEngine(GroovyScriptEngineFactory.java:38)
at com.eviware.soapui.support.scripting.SoapUIScriptEngineRegistry.create(SoapUIScriptEngineRegistry.java:50)
at com.eviware.soapui.impl.wsdl.teststeps.WsdlGroovyScriptTestStep.<init>(WsdlGroovyScriptTestStep.java:85)
at com.eviware.soapui.impl.wsdl.teststeps.registry.GroovyScriptStepFactory.buildTestStep(GroovyScriptStepFactory.java:38)
at com.eviware.soapui.impl.wsdl.testcase.WsdlTestCase.createTestStepFromConfig(WsdlTestCase.java:296)
at com.eviware.soapui.impl.wsdl.testcase.WsdlTestCase.<init>(WsdlTestCase.java:121)
at com.eviware.soapui.impl.wsdl.WsdlTestSuite.buildTestCase(WsdlTestSuite.java:107)
at com.eviware.soapui.impl.wsdl.WsdlTestSuite.<init>(WsdlTestSuite.java:89)
at com.eviware.soapui.impl.wsdl.WsdlProject.buildTestSuite(WsdlProject.java:451)
at com.eviware.soapui.impl.wsdl.WsdlProject.loadProjectFromInputStream(WsdlProject.java:388)
at com.eviware.soapui.impl.wsdl.WsdlProject.loadProject(WsdlProject.java:310)
at com.eviware.soapui.impl.wsdl.WsdlProject.<init>(WsdlProject.java:213)
at com.eviware.soapui.impl.wsdl.WsdlProject.<init>(WsdlProject.java:194)
at com.eviware.soapui.impl.wsdl.WsdlProject.<init>(WsdlProject.java:182)
at restServices.LibraryServicesMultipleTest.restTest_tS4(LibraryServicesMultipleTest.java:60)
at sun.reflect.NativeMethodAccessorImpl.invoke0(Native Method)
at sun.reflect.NativeMethodAccessorImpl.invoke(Unknown Source)
at sun.reflect.DelegatingMethodAccessorImpl.invoke(Unknown Source)
at java.lang.reflect.Method.invoke(Unknown Source)
at org.testng.internal.MethodInvocationHelper.invokeMethod(MethodInvocationHelper.java:135)
at org.testng.internal.TestInvoker.invokeMethod(TestInvoker.java:598)
at org.testng.internal.TestInvoker.invokeTestMethod(TestInvoker.java:174)
at org.testng.internal.MethodRunner.runInSequence(MethodRunner.java:46)
at org.testng.internal.TestInvoker$MethodInvocationAgent.invoke(TestInvoker.java:821)
at org.testng.internal.TestInvoker.invokeTestMethods(TestInvoker.java:147)
at org.testng.internal.TestMethodWorker.invokeTestMethods(TestMethodWorker.java:146)
at org.testng.internal.TestMethodWorker.run(TestMethodWorker.java:128)
at java.util.ArrayList.forEach(Unknown Source)
at org.testng.TestRunner.privateRun(TestRunner.java:767)
at org.testng.TestRunner.run(TestRunner.java:588)
at org.testng.SuiteRunner.runTest(SuiteRunner.java:384)
at org.testng.SuiteRunner.runSequentially(SuiteRunner.java:378)
at org.testng.SuiteRunner.privateRun(SuiteRunner.java:337)
at org.testng.SuiteRunner.run(SuiteRunner.java:286)
at org.testng.SuiteRunnerWorker.runSuite(SuiteRunnerWorker.java:53)
at org.testng.SuiteRunnerWorker.run(SuiteRunnerWorker.java:96)
at org.testng.TestNG.runSuitesSequentially(TestNG.java:1214)
at org.testng.TestNG.runSuitesLocally(TestNG.java:1136)
at org.testng.TestNG.runSuites(TestNG.java:1066)
at org.testng.TestNG.run(TestNG.java:1034)
at org.testng.TestNG.privateMain(TestNG.java:1363)
at org.testng.TestNG.main(TestNG.java:1331)
]]>
            </full-stacktrace>
          </exception> <!-- java.lang.NoClassDefFoundError -->
          <reporter-output>
          </reporter-output>
        </test-method> <!-- restTest_tS4 -->
      </class> <!-- restServices.LibraryServicesMultipleTest -->
      <class name="restServices.LibraryServicesSingleTest">
        <test-method status="FAIL" signature="restTest_TS()[pri:0, instance:restServices.LibraryServicesSingleTest@544a2ea6]" name="restTest_TS" duration-ms="3362" started-at="2020-07-13T23:10:04 IST" finished-at="2020-07-13T23:10:08 IST">
          <exception class="java.lang.ExceptionInInitializerError">
            <full-stacktrace>
              <![CDATA[java.lang.ExceptionInInitializerError
at org.codehaus.groovy.runtime.InvokerHelper.<clinit>(InvokerHelper.java:82)
at groovy.lang.GroovyObjectSupport.getDefaultMetaClass(GroovyObjectSupport.java:61)
at groovy.lang.GroovyObjectSupport.<init>(GroovyObjectSupport.java:34)
at groovy.lang.Binding.<init>(Binding.java:35)
at com.eviware.soapui.support.scripting.groovy.SoapUIGroovyScriptEngine.<init>(SoapUIGroovyScriptEngine.java:45)
at com.eviware.soapui.support.scripting.groovy.GroovyScriptEngineFactory.createScriptEngine(GroovyScriptEngineFactory.java:38)
at com.eviware.soapui.support.scripting.SoapUIScriptEngineRegistry.create(SoapUIScriptEngineRegistry.java:50)
at com.eviware.soapui.impl.wsdl.teststeps.WsdlGroovyScriptTestStep.<init>(WsdlGroovyScriptTestStep.java:85)
at com.eviware.soapui.impl.wsdl.teststeps.registry.GroovyScriptStepFactory.buildTestStep(GroovyScriptStepFactory.java:38)
at com.eviware.soapui.impl.wsdl.testcase.WsdlTestCase.createTestStepFromConfig(WsdlTestCase.java:296)
at com.eviware.soapui.impl.wsdl.testcase.WsdlTestCase.<init>(WsdlTestCase.java:121)
at com.eviware.soapui.impl.wsdl.WsdlTestSuite.buildTestCase(WsdlTestSuite.java:107)
at com.eviware.soapui.impl.wsdl.WsdlTestSuite.<init>(WsdlTestSuite.java:89)
at com.eviware.soapui.impl.wsdl.WsdlProject.buildTestSuite(WsdlProject.java:451)
at com.eviware.soapui.impl.wsdl.WsdlProject.loadProjectFromInputStream(WsdlProject.java:388)
at com.eviware.soapui.impl.wsdl.WsdlProject.loadProject(WsdlProject.java:310)
at com.eviware.soapui.impl.wsdl.WsdlProject.<init>(WsdlProject.java:213)
at com.eviware.soapui.impl.wsdl.WsdlProject.<init>(WsdlProject.java:194)
at com.eviware.soapui.impl.wsdl.WsdlProject.<init>(WsdlProject.java:182)
at restServices.LibraryServicesSingleTest.restTest_TS(LibraryServicesSingleTest.java:21)
at sun.reflect.NativeMethodAccessorImpl.invoke0(Native Method)
at sun.reflect.NativeMethodAccessorImpl.invoke(Unknown Source)
at sun.reflect.DelegatingMethodAccessorImpl.invoke(Unknown Source)
at java.lang.reflect.Method.invoke(Unknown Source)
at org.testng.internal.MethodInvocationHelper.invokeMethod(MethodInvocationHelper.java:135)
at org.testng.internal.TestInvoker.invokeMethod(TestInvoker.java:598)
at org.testng.internal.TestInvoker.invokeTestMethod(TestInvoker.java:174)
at org.testng.internal.MethodRunner.runInSequence(MethodRunner.java:46)
at org.testng.internal.TestInvoker$MethodInvocationAgent.invoke(TestInvoker.java:821)
at org.testng.internal.TestInvoker.invokeTestMethods(TestInvoker.java:147)
at org.testng.internal.TestMethodWorker.invokeTestMethods(TestMethodWorker.java:146)
at org.testng.internal.TestMethodWorker.run(TestMethodWorker.java:128)
at java.util.ArrayList.forEach(Unknown Source)
at org.testng.TestRunner.privateRun(TestRunner.java:767)
at org.testng.TestRunner.run(TestRunner.java:588)
at org.testng.SuiteRunner.runTest(SuiteRunner.java:384)
at org.testng.SuiteRunner.runSequentially(SuiteRunner.java:378)
at org.testng.SuiteRunner.privateRun(SuiteRunner.java:337)
at org.testng.SuiteRunner.run(SuiteRunner.java:286)
at org.testng.SuiteRunnerWorker.runSuite(SuiteRunnerWorker.java:53)
at org.testng.SuiteRunnerWorker.run(SuiteRunnerWorker.java:96)
at org.testng.TestNG.runSuitesSequentially(TestNG.java:1214)
at org.testng.TestNG.runSuitesLocally(TestNG.java:1136)
at org.testng.TestNG.runSuites(TestNG.java:1066)
at org.testng.TestNG.run(TestNG.java:1034)
at org.testng.TestNG.privateMain(TestNG.java:1363)
at org.testng.TestNG.main(TestNG.java:1331)
Caused by: groovy.lang.GroovyRuntimeException: Conflicting module versions. Module [groovy-all is loaded in version 2.4.17 and you are trying to load version 2.4.4
at org.codehaus.groovy.runtime.metaclass.MetaClassRegistryImpl$DefaultModuleListener.onModule(MetaClassRegistryImpl.java:529)
at org.codehaus.groovy.runtime.m12n.ExtensionModuleScanner.scanExtensionModuleFromProperties(ExtensionModuleScanner.java:81)
at org.codehaus.groovy.runtime.m12n.ExtensionModuleScanner.scanExtensionModuleFromMetaInf(ExtensionModuleScanner.java:75)
at org.codehaus.groovy.runtime.m12n.ExtensionModuleScanner.scanClasspathModules(ExtensionModuleScanner.java:57)
at org.codehaus.groovy.runtime.metaclass.MetaClassRegistryImpl.<init>(MetaClassRegistryImpl.java:129)
at org.codehaus.groovy.runtime.metaclass.MetaClassRegistryImpl.<init>(MetaClassRegistryImpl.java:90)
at groovy.lang.GroovySystem.<clinit>(GroovySystem.java:36)
... 47 more
]]>
            </full-stacktrace>
          </exception> <!-- java.lang.ExceptionInInitializerError -->
          <reporter-output>
          </reporter-output>
        </test-method> <!-- restTest_TS -->
      </class> <!-- restServices.LibraryServicesSingleTest -->
    </test> <!-- WebServicesRSUJ -->
  </suite> <!-- WebServicesRSUJ -->
</testng-results>
